This file contains any messages produced by compilers while
running configure, to aid debugging if configure makes a mistake.

It was created by potrace configure 1.16, which was
generated by GNU Autoconf 2.69.  Invocation command line was

  $ ./configure 

## --------- ##
## Platform. ##
## --------- ##

hostname = sunny
uname -m = x86_64
uname -r = 4.4.0-18362-Microsoft
uname -s = Linux
uname -v = #476-Microsoft Fri Nov 01 16:53:00 PST 2019

/usr/bin/uname -p = unknown
/bin/uname -X     = unknown

/bin/arch              = unknown
/usr/bin/arch -k       = unknown
/usr/convex/getsysinfo = unknown
/usr/bin/hostinfo      = unknown
/bin/machine           = unknown
/usr/bin/oslevel       = unknown
/bin/universe          = unknown

PATH: /home/rozentill/project/lib2geom/build
PATH: /home/rozentill/project/lib2geom/build
PATH: /home/rozentill/anaconda3/bin
PATH: /home/rozentill/anaconda3/condabin
PATH: /usr/local/sbin
PATH: /usr/local/bin
PATH: /usr/sbin
PATH: /usr/bin
PATH: /sbin
PATH: /bin
PATH: /usr/games
PATH: /usr/local/games
PATH: /mnt/c/Program Files/WindowsApps/CanonicalGroupLimited.UbuntuonWindows_1804.2019.521.0_x64__79rhkp1fndgsc
PATH: /mnt/d/Tool/ImageMagick-6.9.10-Q16
PATH: /mnt/d/Tool/ImageMagick-7.0.9-Q8
PATH: /mnt/d/Tool/ImageMagick-7.0.9-Q16
PATH: /mnt/c/Program Files/NVIDIA GPU Computing Toolkit/CUDA/v10.0/bin
PATH: /mnt/c/Program Files/NVIDIA GPU Computing Toolkit/CUDA/v10.0/libnvvp
PATH: /mnt/c/Program Files/NVIDIA GPU Computing Toolkit/CUDA/v10.1/bin
PATH: /mnt/c/Program Files/NVIDIA GPU Computing Toolkit/CUDA/v10.1/libnvvp
PATH: /mnt/d/Develop/Python27
PATH: /mnt/d/Develop/Python27/Scripts
PATH: /mnt/c/Program Files (x86)/Common Files/Oracle/Java/javapath
PATH: /mnt/d/Develop/Gurobi/win64/bin
PATH: /mnt/c/Program Files/NVIDIA GPU Computing Toolkit/CUDA/v9.0/bin
PATH: /mnt/c/Program Files/NVIDIA GPU Computing Toolkit/CUDA/v9.0/libnvvp
PATH: /mnt/c/Local/Perl64/site/bin
PATH: /mnt/c/Local/Perl64/bin
PATH: /mnt/c/ProgramData/Oracle/Java/javapath
PATH: /mnt/c/WINDOWS/system32
PATH: /mnt/c/WINDOWS
PATH: /mnt/c/WINDOWS/System32/Wbem
PATH: /mnt/c/WINDOWS/System32/WindowsPowerShell/v1.0
PATH: /mnt/c/Program Files/MATLAB/R2017b/runtime/win64
PATH: /mnt/c/Program Files/MATLAB/R2017b/bin
PATH: /mnt/c/Program Files/dotnet
PATH: /mnt/c/WINDOWS/System32/OpenSSH
PATH: /mnt/c/Program Files (x86)/NVIDIA Corporation/PhysX/Common
PATH: /mnt/c/Program Files/Git/cmd
PATH: /mnt/d/Tool/blender
PATH: /mnt/d/Develop/binvox
PATH: /mnt/d/Tool/rclone
PATH: /mnt/d/Project/suitesparase/suitesparse-metis-for-windows/lapack_windows/x64
PATH: /mnt/d/Project/suitesparase/suitesparse-metis-for-windows/build/lib/Release
PATH: /mnt/d/Tool/Inkscape
PATH: /mnt/d/Tool/GnuWin32/bin
PATH: /mnt/c/Program Files (x86)/Microsoft Visual Studio/2017/Community/VC/Tools/MSVC/14.16.27023/bin/Hostx64/x64
PATH: /mnt/d/Develop/ffmpeg-static/bin
PATH: /mnt/c/Program Files/NVIDIA Corporation/NVSMI
PATH: /mnt/d/Tool/PuTTY
PATH: /mnt/c/Program Files/TortoiseSVN/bin
PATH: /mnt/c/Program Files/Common Files/Autodesk Shared
PATH: /mnt/d/Develop/eigen3
PATH: /mnt/c/Program Files/Microsoft SQL Server/130/Tools/Binn
PATH: /mnt/c/Program Files/NVIDIA Corporation/NVIDIA NvDLISR
PATH: /mnt/c/WINDOWS/system32
PATH: /mnt/c/WINDOWS
PATH: /mnt/c/WINDOWS/System32/Wbem
PATH: /mnt/c/WINDOWS/System32/WindowsPowerShell/v1.0
PATH: /mnt/c/WINDOWS/System32/OpenSSH
PATH: /mnt/d/Tool/FreeFem++
PATH: /mnt/d/Develop/Python37/Scripts
PATH: /mnt/d/Develop/Python37
PATH: /mnt/d/Develop/Python/Scripts
PATH: /mnt/d/Develop/Python
PATH: /mnt/d/Develop/Python35/Scripts
PATH: /mnt/d/Develop/Python35
PATH: /mnt/c/Users/admin-rozentil/AppData/Local/Microsoft/WindowsApps
PATH: /mnt/d/Develop/CMake/bin
PATH: /mnt/c/Users/admin-rozentil/AppData/Local/atom/bin
PATH: /mnt/c/Users/admin-rozentil/AppData/Local/Microsoft/WindowsApps
PATH: /mnt/d/Tool/MiKTeX 2.9/miktex/bin/x64
PATH: /mnt/d/Develop/mingw/mingw64/bin
PATH: /mnt/d/Develop/Mitsuba 0.5.0 64bit/Mitsuba 0.5.0
PATH: /snap/bin


## ----------- ##
## Core tests. ##
## ----------- ##

configure:2395: checking for a BSD-compatible install
configure:2463: result: /usr/bin/install -c
configure:2474: checking whether build environment is sane
configure:2529: result: yes
configure:2680: checking for a thread-safe mkdir -p
configure:2719: result: /bin/mkdir -p
configure:2726: checking for gawk
configure:2742: found /usr/bin/gawk
configure:2753: result: gawk
configure:2764: checking whether make sets $(MAKE)
configure:2786: result: yes
configure:2815: checking whether make supports nested variables
configure:2832: result: yes
configure:3034: checking for clang
configure:3064: result: no
configure:3034: checking for gcc
configure:3050: found /usr/bin/gcc
configure:3061: result: gcc
configure:3092: checking for C compiler version
configure:3101: gcc --version >&5
gcc (Ubuntu 7.4.0-1ubuntu1~18.04.1) 7.4.0
Copyright (C) 2017 Free Software Foundation, Inc.
This is free software; see the source for copying conditions.  There is NO
warranty; not even for MERCHANTABILITY or FITNESS FOR A PARTICULAR PURPOSE.

configure:3112: $? = 0
configure:3101: gcc -v >&5
Using built-in specs.
COLLECT_GCC=gcc
COLLECT_LTO_WRAPPER=/usr/lib/gcc/x86_64-linux-gnu/7/lto-wrapper
OFFLOAD_TARGET_NAMES=nvptx-none
OFFLOAD_TARGET_DEFAULT=1
Target: x86_64-linux-gnu
Configured with: ../src/configure -v --with-pkgversion='Ubuntu 7.4.0-1ubuntu1~18.04.1' --with-bugurl=file:///usr/share/doc/gcc-7/README.Bugs --enable-languages=c,ada,c++,go,brig,d,fortran,objc,obj-c++ --prefix=/usr --with-gcc-major-version-only --program-suffix=-7 --program-prefix=x86_64-linux-gnu- --enable-shared --enable-linker-build-id --libexecdir=/usr/lib --without-included-gettext --enable-threads=posix --libdir=/usr/lib --enable-nls --with-sysroot=/ --enable-clocale=gnu --enable-libstdcxx-debug --enable-libstdcxx-time=yes --with-default-libstdcxx-abi=new --enable-gnu-unique-object --disable-vtable-verify --enable-libmpx --enable-plugin --enable-default-pie --with-system-zlib --with-target-system-zlib --enable-objc-gc=auto --enable-multiarch --disable-werror --with-arch-32=i686 --with-abi=m64 --with-multilib-list=m32,m64,mx32 --enable-multilib --with-tune=generic --enable-offload-targets=nvptx-none --without-cuda-driver --enable-checking=release --build=x86_64-linux-gnu --host=x86_64-linux-gnu --target=x86_64-linux-gnu
Thread model: posix
gcc version 7.4.0 (Ubuntu 7.4.0-1ubuntu1~18.04.1) 
configure:3112: $? = 0
configure:3101: gcc -V >&5
gcc: error: unrecognized command line option '-V'
gcc: fatal error: no input files
compilation terminated.
configure:3112: $? = 1
configure:3101: gcc -qversion >&5
gcc: error: unrecognized command line option '-qversion'; did you mean '--version'?
gcc: fatal error: no input files
compilation terminated.
configure:3112: $? = 1
configure:3132: checking whether the C compiler works
configure:3154: gcc    conftest.c  >&5
configure:3158: $? = 0
configure:3206: result: yes
configure:3209: checking for C compiler default output file name
configure:3211: result: a.out
configure:3217: checking for suffix of executables
configure:3224: gcc -o conftest    conftest.c  >&5
configure:3228: $? = 0
configure:3250: result: 
configure:3272: checking whether we are cross compiling
configure:3280: gcc -o conftest    conftest.c  >&5
configure:3284: $? = 0
configure:3291: ./conftest
configure:3295: $? = 0
configure:3310: result: no
configure:3315: checking for suffix of object files
configure:3337: gcc -c   conftest.c >&5
configure:3341: $? = 0
configure:3362: result: o
configure:3366: checking whether we are using the GNU C compiler
configure:3385: gcc -c   conftest.c >&5
configure:3385: $? = 0
configure:3394: result: yes
configure:3403: checking whether gcc accepts -g
configure:3423: gcc -c -g  conftest.c >&5
configure:3423: $? = 0
configure:3464: result: yes
configure:3481: checking for gcc option to accept ISO C89
configure:3544: gcc  -c -g -O2  conftest.c >&5
configure:3544: $? = 0
configure:3557: result: none needed
configure:3582: checking whether gcc understands -c and -o together
configure:3604: gcc -c conftest.c -o conftest2.o
configure:3607: $? = 0
configure:3604: gcc -c conftest.c -o conftest2.o
configure:3607: $? = 0
configure:3619: result: yes
configure:3639: checking whether make supports the include directive
configure:3654: make -f confmf.GNU && cat confinc.out
this is the am__doit target
configure:3657: $? = 0
configure:3676: result: yes (GNU style)
configure:3701: checking dependency style of gcc
configure:3812: result: gcc3
configure:3833: checking how to run the C preprocessor
configure:3864: gcc -E  conftest.c
configure:3864: $? = 0
configure:3878: gcc -E  conftest.c
conftest.c:13:10: fatal error: ac_nonexistent.h: No such file or directory
 #include <ac_nonexistent.h>
          ^~~~~~~~~~~~~~~~~~
compilation terminated.
configure:3878: $? = 1
configure: failed program was:
| /* confdefs.h */
| #define PACKAGE_NAME "potrace"
| #define PACKAGE_TARNAME "potrace"
| #define PACKAGE_VERSION "1.16"
| #define PACKAGE_STRING "potrace 1.16"
| #define PACKAGE_BUGREPORT "selinger at users.sourceforge.net"
| #define PACKAGE_URL ""
| #define PACKAGE "potrace"
| #define VERSION "1.16"
| #define POTRACE "potrace"
| #define MKBITMAP "mkbitmap"
| /* end confdefs.h.  */
| #include <ac_nonexistent.h>
configure:3903: result: gcc -E
configure:3923: gcc -E  conftest.c
configure:3923: $? = 0
configure:3937: gcc -E  conftest.c
conftest.c:13:10: fatal error: ac_nonexistent.h: No such file or directory
 #include <ac_nonexistent.h>
          ^~~~~~~~~~~~~~~~~~
compilation terminated.
configure:3937: $? = 1
configure: failed program was:
| /* confdefs.h */
| #define PACKAGE_NAME "potrace"
| #define PACKAGE_TARNAME "potrace"
| #define PACKAGE_VERSION "1.16"
| #define PACKAGE_STRING "potrace 1.16"
| #define PACKAGE_BUGREPORT "selinger at users.sourceforge.net"
| #define PACKAGE_URL ""
| #define PACKAGE "potrace"
| #define VERSION "1.16"
| #define POTRACE "potrace"
| #define MKBITMAP "mkbitmap"
| /* end confdefs.h.  */
| #include <ac_nonexistent.h>
configure:3966: checking for grep that handles long lines and -e
configure:4024: result: /bin/grep
configure:4029: checking for egrep
configure:4091: result: /bin/grep -E
configure:4096: checking for ANSI C header files
configure:4116: gcc -c -g -O2  conftest.c >&5
configure:4116: $? = 0
configure:4189: gcc -o conftest -g -O2   conftest.c  >&5
configure:4189: $? = 0
configure:4189: ./conftest
configure:4189: $? = 0
configure:4200: result: yes
configure:4213: checking for sys/types.h
configure:4213: gcc -c -g -O2  conftest.c >&5
configure:4213: $? = 0
configure:4213: result: yes
configure:4213: checking for sys/stat.h
configure:4213: gcc -c -g -O2  conftest.c >&5
configure:4213: $? = 0
configure:4213: result: yes
configure:4213: checking for stdlib.h
configure:4213: gcc -c -g -O2  conftest.c >&5
configure:4213: $? = 0
configure:4213: result: yes
configure:4213: checking for string.h
configure:4213: gcc -c -g -O2  conftest.c >&5
configure:4213: $? = 0
configure:4213: result: yes
configure:4213: checking for memory.h
configure:4213: gcc -c -g -O2  conftest.c >&5
configure:4213: $? = 0
configure:4213: result: yes
configure:4213: checking for strings.h
configure:4213: gcc -c -g -O2  conftest.c >&5
configure:4213: $? = 0
configure:4213: result: yes
configure:4213: checking for inttypes.h
configure:4213: gcc -c -g -O2  conftest.c >&5
configure:4213: $? = 0
configure:4213: result: yes
configure:4213: checking for stdint.h
configure:4213: gcc -c -g -O2  conftest.c >&5
configure:4213: $? = 0
configure:4213: result: yes
configure:4213: checking for unistd.h
configure:4213: gcc -c -g -O2  conftest.c >&5
configure:4213: $? = 0
configure:4213: result: yes
configure:4226: checking minix/config.h usability
configure:4226: gcc -c -g -O2  conftest.c >&5
conftest.c:56:10: fatal error: minix/config.h: No such file or directory
 #include <minix/config.h>
          ^~~~~~~~~~~~~~~~
compilation terminated.
configure:4226: $? = 1
configure: failed program was:
| /* confdefs.h */
| #define PACKAGE_NAME "potrace"
| #define PACKAGE_TARNAME "potrace"
| #define PACKAGE_VERSION "1.16"
| #define PACKAGE_STRING "potrace 1.16"
| #define PACKAGE_BUGREPORT "selinger at users.sourceforge.net"
| #define PACKAGE_URL ""
| #define PACKAGE "potrace"
| #define VERSION "1.16"
| #define POTRACE "potrace"
| #define MKBITMAP "mkbitmap"
| #define STDC_HEADERS 1
| #define HAVE_SYS_TYPES_H 1
| #define HAVE_SYS_STAT_H 1
| #define HAVE_STDLIB_H 1
| #define HAVE_STRING_H 1
| #define HAVE_MEMORY_H 1
| #define HAVE_STRINGS_H 1
| #define HAVE_INTTYPES_H 1
| #define HAVE_STDINT_H 1
| #define HAVE_UNISTD_H 1
| /* end confdefs.h.  */
| #include <stdio.h>
| #ifdef HAVE_SYS_TYPES_H
| # include <sys/types.h>
| #endif
| #ifdef HAVE_SYS_STAT_H
| # include <sys/stat.h>
| #endif
| #ifdef STDC_HEADERS
| # include <stdlib.h>
| # include <stddef.h>
| #else
| # ifdef HAVE_STDLIB_H
| #  include <stdlib.h>
| # endif
| #endif
| #ifdef HAVE_STRING_H
| # if !defined STDC_HEADERS && defined HAVE_MEMORY_H
| #  include <memory.h>
| # endif
| # include <string.h>
| #endif
| #ifdef HAVE_STRINGS_H
| # include <strings.h>
| #endif
| #ifdef HAVE_INTTYPES_H
| # include <inttypes.h>
| #endif
| #ifdef HAVE_STDINT_H
| # include <stdint.h>
| #endif
| #ifdef HAVE_UNISTD_H
| # include <unistd.h>
| #endif
| #include <minix/config.h>
configure:4226: result: no
configure:4226: checking minix/config.h presence
configure:4226: gcc -E  conftest.c
conftest.c:23:10: fatal error: minix/config.h: No such file or directory
 #include <minix/config.h>
          ^~~~~~~~~~~~~~~~
compilation terminated.
configure:4226: $? = 1
configure: failed program was:
| /* confdefs.h */
| #define PACKAGE_NAME "potrace"
| #define PACKAGE_TARNAME "potrace"
| #define PACKAGE_VERSION "1.16"
| #define PACKAGE_STRING "potrace 1.16"
| #define PACKAGE_BUGREPORT "selinger at users.sourceforge.net"
| #define PACKAGE_URL ""
| #define PACKAGE "potrace"
| #define VERSION "1.16"
| #define POTRACE "potrace"
| #define MKBITMAP "mkbitmap"
| #define STDC_HEADERS 1
| #define HAVE_SYS_TYPES_H 1
| #define HAVE_SYS_STAT_H 1
| #define HAVE_STDLIB_H 1
| #define HAVE_STRING_H 1
| #define HAVE_MEMORY_H 1
| #define HAVE_STRINGS_H 1
| #define HAVE_INTTYPES_H 1
| #define HAVE_STDINT_H 1
| #define HAVE_UNISTD_H 1
| /* end confdefs.h.  */
| #include <minix/config.h>
configure:4226: result: no
configure:4226: checking for minix/config.h
configure:4226: result: no
configure:4247: checking whether it is safe to define __EXTENSIONS__
configure:4265: gcc -c -g -O2  conftest.c >&5
configure:4265: $? = 0
configure:4272: result: yes
configure:4289: checking what compiler options to use
configure:4291: result:  -g -O2
configure:4311: checking build system type
configure:4325: result: x86_64-pc-linux-gnu
configure:4345: checking host system type
configure:4358: result: x86_64-pc-linux-gnu
configure:4727: checking how to print strings
configure:4754: result: printf
configure:4775: checking for a sed that does not truncate output
configure:4839: result: /bin/sed
configure:4857: checking for fgrep
configure:4919: result: /bin/grep -F
configure:4954: checking for ld used by gcc
configure:5021: result: /usr/bin/ld
configure:5028: checking if the linker (/usr/bin/ld) is GNU ld
configure:5043: result: yes
configure:5055: checking for BSD- or MS-compatible name lister (nm)
configure:5109: result: /usr/bin/nm -B
configure:5239: checking the name lister (/usr/bin/nm -B) interface
configure:5246: gcc -c -g -O2  conftest.c >&5
configure:5249: /usr/bin/nm -B "conftest.o"
configure:5252: output
0000000000000000 B some_variable
configure:5259: result: BSD nm
configure:5262: checking whether ln -s works
configure:5266: result: yes
configure:5274: checking the maximum length of command line arguments
configure:5405: result: 1572864
configure:5453: checking how to convert x86_64-pc-linux-gnu file names to x86_64-pc-linux-gnu format
configure:5493: result: func_convert_file_noop
configure:5500: checking how to convert x86_64-pc-linux-gnu file names to toolchain format
configure:5520: result: func_convert_file_noop
configure:5527: checking for /usr/bin/ld option to reload object files
configure:5534: result: -r
configure:5608: checking for objdump
configure:5635: result: objdump
configure:5664: checking how to recognize dependent libraries
configure:5864: result: pass_all
configure:5949: checking for dlltool
configure:5976: result: dlltool
configure:6006: checking how to associate runtime and link libraries
configure:6033: result: printf %s\n
configure:6093: checking for ar
configure:6109: found /usr/bin/ar
configure:6120: result: ar
configure:6157: checking for archiver @FILE support
configure:6174: gcc -c -g -O2  conftest.c >&5
configure:6174: $? = 0
configure:6177: ar cru libconftest.a @conftest.lst >&5
ar: `u' modifier ignored since `D' is the default (see `U')
configure:6180: $? = 0
configure:6185: ar cru libconftest.a @conftest.lst >&5
ar: `u' modifier ignored since `D' is the default (see `U')
ar: conftest.o: No such file or directory
configure:6188: $? = 1
configure:6200: result: @
configure:6258: checking for strip
configure:6274: found /usr/bin/strip
configure:6285: result: strip
configure:6357: checking for ranlib
configure:6373: found /usr/bin/ranlib
configure:6384: result: ranlib
configure:6486: checking command to parse /usr/bin/nm -B output from gcc object
configure:6639: gcc -c -g -O2  conftest.c >&5
configure:6642: $? = 0
configure:6646: /usr/bin/nm -B conftest.o | sed -n -e 's/^.*[	 ]\([ABCDGIRSTW][ABCDGIRSTW]*\)[	 ][	 ]*\([_A-Za-z][_A-Za-z0-9]*\)$/\1 \2 \2/p' | sed '/ __gnu_lto/d' > conftest.nm
configure:6712: gcc -o conftest -g -O2   conftest.c conftstm.o >&5
configure:6715: $? = 0
configure:6753: result: ok
configure:6800: checking for sysroot
configure:6830: result: no
configure:6837: checking for a working dd
configure:6875: result: /bin/dd
configure:6879: checking how to truncate binary pipes
configure:6894: result: /bin/dd bs=4096 count=1
configure:7030: gcc -c -g -O2  conftest.c >&5
configure:7033: $? = 0
configure:7223: checking for mt
configure:7239: found /bin/mt
configure:7250: result: mt
configure:7273: checking if mt is a manifest tool
configure:7279: mt '-?'
configure:7287: result: no
configure:7961: checking for dlfcn.h
configure:7961: gcc -c -g -O2  conftest.c >&5
configure:7961: $? = 0
configure:7961: result: yes
configure:8215: checking for objdir
configure:8230: result: .libs
configure:8494: checking if gcc supports -fno-rtti -fno-exceptions
configure:8512: gcc -c -g -O2  -fno-rtti -fno-exceptions conftest.c >&5
cc1: warning: command line option '-fno-rtti' is valid for C++/ObjC++ but not for C
configure:8516: $? = 0
configure:8529: result: no
configure:8893: checking for gcc option to produce PIC
configure:8900: result: -fPIC -DPIC
configure:8908: checking if gcc PIC flag -fPIC -DPIC works
configure:8926: gcc -c -g -O2  -fPIC -DPIC -DPIC conftest.c >&5
configure:8930: $? = 0
configure:8943: result: yes
configure:8972: checking if gcc static flag -static works
configure:9000: result: yes
configure:9015: checking if gcc supports -c -o file.o
configure:9036: gcc -c -g -O2  -o out/conftest2.o conftest.c >&5
configure:9040: $? = 0
configure:9062: result: yes
configure:9070: checking if gcc supports -c -o file.o
configure:9117: result: yes
configure:9150: checking whether the gcc linker (/usr/bin/ld -m elf_x86_64) supports shared libraries
configure:10413: result: yes
configure:10653: checking dynamic linker characteristics
configure:11234: gcc -o conftest -g -O2   -Wl,-rpath -Wl,/foo conftest.c  >&5
configure:11234: $? = 0
configure:11483: result: GNU/Linux ld.so
configure:11605: checking how to hardcode library paths into programs
configure:11630: result: immediate
configure:12178: checking whether stripping libraries is possible
configure:12183: result: yes
configure:12218: checking if libtool supports shared libraries
configure:12220: result: yes
configure:12223: checking whether to build shared libraries
configure:12248: result: no
configure:12251: checking whether to build static libraries
configure:12255: result: yes
configure:12294: checking whether to install the Potrace library
configure:12302: result: no
configure:12311: checking whether gcc has bug number 12243
configure:12316: result: maybe
configure:12321: checking whether to use zlib
configure:12332: result: yes
configure:12339: checking whether to default to metric units
configure:12353: result: no
configure:12357: checking whether to default to a4 paper size
configure:12371: result: no
configure:12375: checking whether to use the simplified progress bar
configure:12396: result: no
configure:12408: checking zlib.h usability
configure:12408: gcc -c -g -O2  conftest.c >&5
configure:12408: $? = 0
configure:12408: result: yes
configure:12408: checking zlib.h presence
configure:12408: gcc -E  conftest.c
configure:12408: $? = 0
configure:12408: result: yes
configure:12408: checking for zlib.h
configure:12408: result: yes
configure:12436: checking whether M_PI is declared
configure:12436: gcc -c -g -O2  conftest.c >&5
configure:12436: $? = 0
configure:12436: result: yes
configure:12449: checking for deflate in -lz
configure:12474: gcc -o conftest -g -O2   conftest.c -lz   >&5
configure:12474: $? = 0
configure:12483: result: yes
configure:12545: checking for floor in -lm
configure:12570: gcc -o conftest -g -O2   conftest.c -lm   >&5
conftest.c:39:6: warning: conflicting types for built-in function 'floor' [-Wbuiltin-declaration-mismatch]
 char floor ();
      ^~~~~
configure:12570: $? = 0
configure:12579: result: yes
configure:12589: checking for uint64_t
configure:12589: gcc -c -g -O2  conftest.c >&5
configure:12589: $? = 0
configure:12589: result: yes
configure:12605: checking for getopt_long
configure:12605: gcc -o conftest -g -O2   conftest.c  >&5
configure:12605: $? = 0
configure:12605: result: yes
configure:12613: checking whether getopt_long reorders its arguments
configure:12639: gcc -o conftest -g -O2   conftest.c  >&5
configure:12639: $? = 0
configure:12639: ./conftest
configure:12639: $? = 0
configure:12640: result: yes
configure:12660: checking whether to use included getopt
configure:12668: result: no
configure:12672: checking for strcasecmp
configure:12672: gcc -o conftest -g -O2   conftest.c  >&5
conftest.c:55:6: warning: conflicting types for built-in function 'strcasecmp' [-Wbuiltin-declaration-mismatch]
 char strcasecmp ();
      ^~~~~~~~~~
configure:12672: $? = 0
configure:12672: result: yes
configure:12691: checking for strncasecmp
configure:12691: gcc -o conftest -g -O2   conftest.c  >&5
conftest.c:55:6: warning: conflicting types for built-in function 'strncasecmp' [-Wbuiltin-declaration-mismatch]
 char strncasecmp ();
      ^~~~~~~~~~~
configure:12691: $? = 0
configure:12691: result: yes
configure:12711: checking for Intel 386
configure:12727: gcc -c -g -O2  conftest.c >&5
configure:12727: $? = 0
configure:12728: result: yes
configure:12742: checking for inline
configure:12758: gcc -c -g -O2  conftest.c >&5
configure:12758: $? = 0
configure:12766: result: inline
configure:12905: checking that generated files are newer than configure
configure:12911: result: done
configure:12934: creating ./config.status

## ---------------------- ##
## Running config.status. ##
## ---------------------- ##

This file was extended by potrace config.status 1.16, which was
generated by GNU Autoconf 2.69.  Invocation command line was

  CONFIG_FILES    = 
  CONFIG_HEADERS  = 
  CONFIG_LINKS    = 
  CONFIG_COMMANDS = 
  $ ./config.status 

on sunny

config.status:1112: creating Makefile
config.status:1112: creating src/Makefile
config.status:1112: creating doc/Makefile
config.status:1112: creating check/Makefile
config.status:1112: creating doc/potrace.1
config.status:1112: creating doc/mkbitmap.1
config.status:1112: creating config.h
config.status:1341: executing depfiles commands
config.status:1418: cd src       && sed -e '/# am--include-marker/d' Makefile         | make -f - am--depfiles
make: Nothing to be done for 'am--depfiles'.
config.status:1423: $? = 0
config.status:1418: cd check       && sed -e '/# am--include-marker/d' Makefile         | make -f - am--depfiles
make: Nothing to be done for 'am--depfiles'.
config.status:1423: $? = 0
config.status:1341: executing libtool commands

## ---------------- ##
## Cache variables. ##
## ---------------- ##

ac_cv_build=x86_64-pc-linux-gnu
ac_cv_c_compiler_gnu=yes
ac_cv_c_inline=inline
ac_cv_c_uint64_t=yes
ac_cv_env_CC_set=
ac_cv_env_CC_value=
ac_cv_env_CFLAGS_set=
ac_cv_env_CFLAGS_value=
ac_cv_env_CPPFLAGS_set=
ac_cv_env_CPPFLAGS_value=
ac_cv_env_CPP_set=
ac_cv_env_CPP_value=
ac_cv_env_LDFLAGS_set=
ac_cv_env_LDFLAGS_value=
ac_cv_env_LIBS_set=
ac_cv_env_LIBS_value=
ac_cv_env_LT_SYS_LIBRARY_PATH_set=
ac_cv_env_LT_SYS_LIBRARY_PATH_value=
ac_cv_env_build_alias_set=
ac_cv_env_build_alias_value=
ac_cv_env_host_alias_set=
ac_cv_env_host_alias_value=
ac_cv_env_target_alias_set=
ac_cv_env_target_alias_value=
ac_cv_func_getopt_long=yes
ac_cv_func_strcasecmp=yes
ac_cv_func_strncasecmp=yes
ac_cv_have_decl_M_PI=yes
ac_cv_header_dlfcn_h=yes
ac_cv_header_inttypes_h=yes
ac_cv_header_memory_h=yes
ac_cv_header_minix_config_h=no
ac_cv_header_stdc=yes
ac_cv_header_stdint_h=yes
ac_cv_header_stdlib_h=yes
ac_cv_header_string_h=yes
ac_cv_header_strings_h=yes
ac_cv_header_sys_stat_h=yes
ac_cv_header_sys_types_h=yes
ac_cv_header_unistd_h=yes
ac_cv_header_zlib_h=yes
ac_cv_host=x86_64-pc-linux-gnu
ac_cv_lib_m_floor=yes
ac_cv_lib_z_deflate=yes
ac_cv_objext=o
ac_cv_path_EGREP='/bin/grep -E'
ac_cv_path_FGREP='/bin/grep -F'
ac_cv_path_GREP=/bin/grep
ac_cv_path_SED=/bin/sed
ac_cv_path_install='/usr/bin/install -c'
ac_cv_path_lt_DD=/bin/dd
ac_cv_path_mkdir=/bin/mkdir
ac_cv_prog_AWK=gawk
ac_cv_prog_CPP='gcc -E'
ac_cv_prog_ac_ct_AR=ar
ac_cv_prog_ac_ct_CC=gcc
ac_cv_prog_ac_ct_DLLTOOL=dlltool
ac_cv_prog_ac_ct_MANIFEST_TOOL=mt
ac_cv_prog_ac_ct_OBJDUMP=objdump
ac_cv_prog_ac_ct_RANLIB=ranlib
ac_cv_prog_ac_ct_STRIP=strip
ac_cv_prog_cc_c89=
ac_cv_prog_cc_g=yes
ac_cv_prog_make_make_set=yes
ac_cv_safe_to_define___extensions__=yes
am_cv_CC_dependencies_compiler_type=gcc3
am_cv_make_support_nested_variables=yes
am_cv_prog_cc_c_o=yes
lt_cv_ar_at_file=@
lt_cv_deplibs_check_method=pass_all
lt_cv_file_magic_cmd='$MAGIC_CMD'
lt_cv_file_magic_test_file=
lt_cv_ld_reload_flag=-r
lt_cv_nm_interface='BSD nm'
lt_cv_objdir=.libs
lt_cv_path_LD=/usr/bin/ld
lt_cv_path_NM='/usr/bin/nm -B'
lt_cv_path_mainfest_tool=no
lt_cv_prog_compiler_c_o=yes
lt_cv_prog_compiler_pic='-fPIC -DPIC'
lt_cv_prog_compiler_pic_works=yes
lt_cv_prog_compiler_rtti_exceptions=no
lt_cv_prog_compiler_static_works=yes
lt_cv_prog_gnu_ld=yes
lt_cv_sharedlib_from_linklib_cmd='printf %s\n'
lt_cv_shlibpath_overrides_runpath=yes
lt_cv_sys_global_symbol_pipe='sed -n -e '\''s/^.*[	 ]\([ABCDGIRSTW][ABCDGIRSTW]*\)[	 ][	 ]*\([_A-Za-z][_A-Za-z0-9]*\)$/\1 \2 \2/p'\'' | sed '\''/ __gnu_lto/d'\'''
lt_cv_sys_global_symbol_to_c_name_address='sed -n -e '\''s/^: \(.*\) .*$/  {"\1", (void *) 0},/p'\'' -e '\''s/^[ABCDGIRSTW][ABCDGIRSTW]* .* \(.*\)$/  {"\1", (void *) \&\1},/p'\'''
lt_cv_sys_global_symbol_to_c_name_address_lib_prefix='sed -n -e '\''s/^: \(.*\) .*$/  {"\1", (void *) 0},/p'\'' -e '\''s/^[ABCDGIRSTW][ABCDGIRSTW]* .* \(lib.*\)$/  {"\1", (void *) \&\1},/p'\'' -e '\''s/^[ABCDGIRSTW][ABCDGIRSTW]* .* \(.*\)$/  {"lib\1", (void *) \&\1},/p'\'''
lt_cv_sys_global_symbol_to_cdecl='sed -n -e '\''s/^T .* \(.*\)$/extern int \1();/p'\'' -e '\''s/^[ABCDGIRSTW][ABCDGIRSTW]* .* \(.*\)$/extern char \1;/p'\'''
lt_cv_sys_global_symbol_to_import=
lt_cv_sys_max_cmd_len=1572864
lt_cv_to_host_file_cmd=func_convert_file_noop
lt_cv_to_tool_file_cmd=func_convert_file_noop
lt_cv_truncate_bin='/bin/dd bs=4096 count=1'

## ----------------- ##
## Output variables. ##
## ----------------- ##

ACLOCAL='${SHELL} /home/rozentill/project/Potrace/potrace-1.16/missing aclocal-1.16'
AMDEPBACKSLASH='\'
AMDEP_FALSE='#'
AMDEP_TRUE=''
AMTAR='$${TAR-tar}'
AM_BACKSLASH='\'
AM_CPPFLAGS=''
AM_DEFAULT_V='$(AM_DEFAULT_VERBOSITY)'
AM_DEFAULT_VERBOSITY='1'
AM_V='$(V)'
AR='ar'
AS='as'
AUTOCONF='${SHELL} /home/rozentill/project/Potrace/potrace-1.16/missing autoconf'
AUTOHEADER='${SHELL} /home/rozentill/project/Potrace/potrace-1.16/missing autoheader'
AUTOMAKE='${SHELL} /home/rozentill/project/Potrace/potrace-1.16/missing automake-1.16'
AWK='gawk'
CADD=''
CC='gcc'
CCDEPMODE='depmode=gcc3'
CFLAGS='-g -O2'
CPP='gcc -E'
CPPFLAGS=''
CYGPATH_W='echo'
DATE='September 2019'
DEFS='-DHAVE_CONFIG_H'
DEPDIR='.deps'
DLLTOOL='dlltool'
DSYMUTIL=''
DUMPBIN=''
ECHO_C=''
ECHO_N='-n'
ECHO_T=''
EGREP='/bin/grep -E'
EXEEXT=''
EXTRA_INCLUDES=''
EXTRA_LIBS=' -lz'
EXTRA_OBJS=''
FGREP='/bin/grep -F'
GREP='/bin/grep'
INSTALL_DATA='${INSTALL} -m 644'
INSTALL_PROGRAM='${INSTALL}'
INSTALL_SCRIPT='${INSTALL}'
INSTALL_STRIP_PROGRAM='$(install_sh) -c -s'
INSTHEADERS=''
INSTLIBS=''
LD='/usr/bin/ld -m elf_x86_64'
LDFLAGS=''
LIBOBJS=''
LIBS=''
LIBTOOL='$(SHELL) $(top_builddir)/libtool'
LIPO=''
LN_S='ln -s'
LTLIBOBJS=''
LT_SYS_LIBRARY_PATH=''
MAKEINFO='${SHELL} /home/rozentill/project/Potrace/potrace-1.16/missing makeinfo'
MANIFEST_TOOL=':'
MKBITMAP='mkbitmap'
MKDIR_P='/bin/mkdir -p'
NM='/usr/bin/nm -B'
NMEDIT=''
OBJDUMP='objdump'
OBJEXT='o'
OTOOL64=''
OTOOL=''
PACKAGE='potrace'
PACKAGE_BUGREPORT='selinger at users.sourceforge.net'
PACKAGE_NAME='potrace'
PACKAGE_STRING='potrace 1.16'
PACKAGE_TARNAME='potrace'
PACKAGE_URL=''
PACKAGE_VERSION='1.16'
PATH_SEPARATOR=':'
POTRACE='potrace'
POTRACELIB_VERSION=''
RANLIB='ranlib'
SED='/bin/sed'
SET_MAKE=''
SHELL='/bin/bash'
STRIP='strip'
VERSION='1.16'
ac_ct_AR='ar'
ac_ct_CC='gcc'
ac_ct_DUMPBIN=''
am__EXEEXT_FALSE=''
am__EXEEXT_TRUE='#'
am__fastdepCC_FALSE='#'
am__fastdepCC_TRUE=''
am__include='include'
am__isrc=''
am__leading_dot='.'
am__nodep='_no'
am__quote=''
am__tar='$${TAR-tar} chof - "$$tardir"'
am__untar='$${TAR-tar} xf -'
bindir='${exec_prefix}/bin'
build='x86_64-pc-linux-gnu'
build_alias=''
build_cpu='x86_64'
build_os='linux-gnu'
build_vendor='pc'
datadir='${datarootdir}'
datarootdir='${prefix}/share'
docdir='${datarootdir}/doc/${PACKAGE_TARNAME}'
dvidir='${docdir}'
exec_prefix='${prefix}'
host='x86_64-pc-linux-gnu'
host_alias=''
host_cpu='x86_64'
host_os='linux-gnu'
host_vendor='pc'
htmldir='${docdir}'
includedir='${prefix}/include'
infodir='${datarootdir}/info'
install_sh='${SHELL} /home/rozentill/project/Potrace/potrace-1.16/install-sh'
libdir='${exec_prefix}/lib'
libexecdir='${exec_prefix}/libexec'
localedir='${datarootdir}/locale'
localstatedir='${prefix}/var'
mandir='${datarootdir}/man'
mkdir_p='$(MKDIR_P)'
oldincludedir='/usr/include'
pdfdir='${docdir}'
prefix='/usr/local'
program_transform_name='s,x,x,'
psdir='${docdir}'
runstatedir='${localstatedir}/run'
sbindir='${exec_prefix}/sbin'
sharedstatedir='${prefix}/com'
sysconfdir='${prefix}/etc'
target_alias=''

## ----------- ##
## confdefs.h. ##
## ----------- ##

/* confdefs.h */
#define PACKAGE_NAME "potrace"
#define PACKAGE_TARNAME "potrace"
#define PACKAGE_VERSION "1.16"
#define PACKAGE_STRING "potrace 1.16"
#define PACKAGE_BUGREPORT "selinger at users.sourceforge.net"
#define PACKAGE_URL ""
#define PACKAGE "potrace"
#define VERSION "1.16"
#define POTRACE "potrace"
#define MKBITMAP "mkbitmap"
#define STDC_HEADERS 1
#define HAVE_SYS_TYPES_H 1
#define HAVE_SYS_STAT_H 1
#define HAVE_STDLIB_H 1
#define HAVE_STRING_H 1
#define HAVE_MEMORY_H 1
#define HAVE_STRINGS_H 1
#define HAVE_INTTYPES_H 1
#define HAVE_STDINT_H 1
#define HAVE_UNISTD_H 1
#define __EXTENSIONS__ 1
#define _ALL_SOURCE 1
#define _GNU_SOURCE 1
#define _POSIX_PTHREAD_SEMANTICS 1
#define _TANDEM_SOURCE 1
#define HAVE_DLFCN_H 1
#define LT_OBJDIR ".libs/"
#define HAVE_GCC_LOOP_BUG /**/
#define HAVE_ZLIB /**/
#define HAVE_I386 /**/

configure: exit 0
